{"level":"info","message":"Server is running on port 3000","service":"firsat-avcisi-backend","timestamp":"2026-01-18 17:37:22"}
{"level":"info","message":"Server is running on port 3000","service":"firsat-avcisi-backend","timestamp":"2026-01-18 18:02:23"}
{"level":"info","message":"Server is running on port 3000","service":"firsat-avcisi-backend","timestamp":"2026-01-18 18:04:29"}
{"level":"info","message":"Server is running on port 3000","service":"firsat-avcisi-backend","timestamp":"2026-01-18 18:15:42"}
{"level":"info","message":"Server is running on port 3000","service":"firsat-avcisi-backend","timestamp":"2026-01-18 18:21:47"}
{"level":"info","message":"Server is running on port 3000","service":"firsat-avcisi-backend","timestamp":"2026-01-18 18:21:48"}
{"level":"info","message":"POST /api/devices/register","service":"firsat-avcisi-backend","timestamp":"2026-01-18 18:29:45"}
{"level":"info","message":"GET /api/products/trending","service":"firsat-avcisi-backend","timestamp":"2026-01-18 18:29:45"}
{"level":"info","message":"GET /api/inditex/feed?","service":"firsat-avcisi-backend","timestamp":"2026-01-18 18:30:02"}
{"level":"info","message":"GET /api/inditex/feed?","service":"firsat-avcisi-backend","timestamp":"2026-01-18 18:30:49"}
{"level":"info","message":"GET /api/products/trending","service":"firsat-avcisi-backend","timestamp":"2026-01-18 18:30:51"}
{"level":"info","message":"GET /api/products/trending","service":"firsat-avcisi-backend","timestamp":"2026-01-18 18:30:52"}
{"level":"info","message":"GET /api/products?page=1&limit=20","service":"firsat-avcisi-backend","timestamp":"2026-01-18 18:30:55"}
{"level":"info","message":"GET /api/inditex/feed?","service":"firsat-avcisi-backend","timestamp":"2026-01-18 18:31:10"}
{"level":"info","message":"GET /api/inditex/feed?","service":"firsat-avcisi-backend","timestamp":"2026-01-18 18:31:11"}
{"level":"info","message":"GET /api/products/trending","service":"firsat-avcisi-backend","timestamp":"2026-01-18 18:31:12"}
{"level":"info","message":"GET /api/products/trending","service":"firsat-avcisi-backend","timestamp":"2026-01-18 18:31:12"}
{"level":"info","message":"GET /api/products/trending?category=Elektronik","service":"firsat-avcisi-backend","timestamp":"2026-01-18 18:31:13"}
{"level":"info","message":"GET /api/products/trending?category=Elektronik","service":"firsat-avcisi-backend","timestamp":"2026-01-18 18:31:14"}
{"level":"info","message":"GET /api/inditex/feed?","service":"firsat-avcisi-backend","timestamp":"2026-01-18 18:31:17"}
{"level":"info","message":"Server is running on port 3000","service":"firsat-avcisi-backend","timestamp":"2026-01-18 18:31:23"}
{"level":"info","message":"GET /api/inditex/feed?","service":"firsat-avcisi-backend","timestamp":"2026-01-18 18:31:53"}
{"level":"info","message":"GET /api/inditex/feed?","service":"firsat-avcisi-backend","timestamp":"2026-01-18 18:31:56"}
{"level":"info","message":"Server is running on port 3000","service":"firsat-avcisi-backend","timestamp":"2026-01-18 18:37:00"}
{"level":"info","message":"Server is running on port 3000","service":"firsat-avcisi-backend","timestamp":"2026-01-18 18:37:01"}
{"level":"info","message":"POST /api/devices/register","service":"firsat-avcisi-backend","timestamp":"2026-01-18 18:38:53"}
{"level":"info","message":"GET /api/products/trending","service":"firsat-avcisi-backend","timestamp":"2026-01-18 18:38:55"}
{"level":"info","message":"Server is running on port 3000","service":"firsat-avcisi-backend","timestamp":"2026-01-18 18:39:28"}
{"level":"info","message":"GET /api/products/trending","service":"firsat-avcisi-backend","timestamp":"2026-01-18 18:39:51"}
{"level":"info","message":"GET /api/inditex/feed?","service":"firsat-avcisi-backend","timestamp":"2026-01-18 18:39:52"}
{"level":"info","message":"GET /api/inditex/feed?","service":"firsat-avcisi-backend","timestamp":"2026-01-18 18:39:53"}
{"level":"info","message":"GET /api/products?page=1&limit=20","service":"firsat-avcisi-backend","timestamp":"2026-01-18 18:39:55"}
{"level":"info","message":"GET /api/products/trending","service":"firsat-avcisi-backend","timestamp":"2026-01-18 18:39:57"}
{"level":"info","message":"GET /api/products/trending","service":"firsat-avcisi-backend","timestamp":"2026-01-18 18:40:34"}
{"level":"info","message":"GET /api/products?page=1&limit=20","service":"firsat-avcisi-backend","timestamp":"2026-01-18 18:40:53"}
{"level":"info","message":"GET /api/inditex/feed?","service":"firsat-avcisi-backend","timestamp":"2026-01-18 18:40:53"}
{"level":"info","message":"GET /api/products?page=1&limit=20","service":"firsat-avcisi-backend","timestamp":"2026-01-18 18:40:54"}
{"level":"info","message":"GET /api/inditex/feed?","service":"firsat-avcisi-backend","timestamp":"2026-01-18 18:41:00"}
{"level":"info","message":"GET /api/inditex/feed?","service":"firsat-avcisi-backend","timestamp":"2026-01-18 18:41:01"}
{"level":"info","message":"GET /api/inditex/feed?","service":"firsat-avcisi-backend","timestamp":"2026-01-18 18:41:01"}
{"level":"info","message":"GET /api/inditex/feed?","service":"firsat-avcisi-backend","timestamp":"2026-01-18 18:41:07"}
{"level":"info","message":"Server is running on port 3000","service":"firsat-avcisi-backend","timestamp":"2026-01-18 18:41:23"}
{"level":"info","message":"POST /api/devices/register","service":"firsat-avcisi-backend","timestamp":"2026-01-18 18:41:46"}
{"level":"info","message":"GET /api/products/trending","service":"firsat-avcisi-backend","timestamp":"2026-01-18 18:41:49"}
{"level":"info","message":"GET /api/products/trending","service":"firsat-avcisi-backend","timestamp":"2026-01-18 18:41:56"}
{"level":"info","message":"GET /api/inditex/feed?","service":"firsat-avcisi-backend","timestamp":"2026-01-18 18:41:58"}
{"level":"info","message":"GET /api/inditex/feed?","service":"firsat-avcisi-backend","timestamp":"2026-01-18 18:41:59"}
{"level":"info","message":"GET /api/inditex/feed?","service":"firsat-avcisi-backend","timestamp":"2026-01-18 18:41:59"}
{"level":"info","message":"GET /api/inditex/feed?category=Elbise","service":"firsat-avcisi-backend","timestamp":"2026-01-18 18:42:02"}
{"level":"info","message":"GET /api/inditex/feed?","service":"firsat-avcisi-backend","timestamp":"2026-01-18 18:42:02"}
{"level":"info","message":"GET /api/inditex/feed?brand=Zara","service":"firsat-avcisi-backend","timestamp":"2026-01-18 18:42:03"}
{"level":"info","message":"GET /api/inditex/feed?","service":"firsat-avcisi-backend","timestamp":"2026-01-18 18:42:03"}
{"level":"info","message":"GET /api/products/trending","service":"firsat-avcisi-backend","timestamp":"2026-01-18 18:44:10"}
{"level":"info","message":"GET /api/products/trending","service":"firsat-avcisi-backend","timestamp":"2026-01-18 18:44:11"}
{"level":"info","message":"GET /api/trending","service":"firsat-avcisi-backend","timestamp":"2026-01-18 18:44:25"}
{"level":"info","message":"POST /api/products/preview","service":"firsat-avcisi-backend","timestamp":"2026-01-18 18:44:38"}
{"level":"info","message":"GET /api/products/trending","service":"firsat-avcisi-backend","timestamp":"2026-01-18 18:44:46"}
{"level":"info","message":"Server is running on port 3000","service":"firsat-avcisi-backend","timestamp":"2026-01-18 18:45:00"}
{"level":"info","message":"Server is running on port 3000","service":"firsat-avcisi-backend","timestamp":"2026-01-18 18:45:02"}
{"level":"info","message":"GET /api/products/trending","service":"firsat-avcisi-backend","timestamp":"2026-01-18 18:46:10"}
{"level":"info","message":"Server is running on port 3000","service":"firsat-avcisi-backend","timestamp":"2026-01-18 18:46:33"}
{"level":"info","message":"Server is running on port 3000","service":"firsat-avcisi-backend","timestamp":"2026-01-18 18:46:35"}
{"level":"info","message":"GET /api/products/trending","service":"firsat-avcisi-backend","timestamp":"2026-01-18 18:46:48"}
{"level":"info","message":"POST /api/devices/register","service":"firsat-avcisi-backend","timestamp":"2026-01-18 18:54:15"}
{"level":"info","message":"GET /api/products/trending","service":"firsat-avcisi-backend","timestamp":"2026-01-18 18:54:18"}
{"level":"info","message":"GET /api/inditex/feed?","service":"firsat-avcisi-backend","timestamp":"2026-01-18 18:55:44"}
{"level":"info","message":"GET /api/products/trending","service":"firsat-avcisi-backend","timestamp":"2026-01-18 18:56:17"}
{"level":"info","message":"GET /api/products/trending?category=Elektronik","service":"firsat-avcisi-backend","timestamp":"2026-01-18 18:56:28"}
{"level":"info","message":"GET /api/products/trending?category=Elektronik","service":"firsat-avcisi-backend","timestamp":"2026-01-18 18:56:29"}
{"level":"info","message":"GET /api/products/trending?category=Moda","service":"firsat-avcisi-backend","timestamp":"2026-01-18 18:56:30"}
{"level":"info","message":"GET /api/products?page=1&limit=20","service":"firsat-avcisi-backend","timestamp":"2026-01-18 18:56:31"}
{"level":"info","message":"GET /api/inditex/feed?","service":"firsat-avcisi-backend","timestamp":"2026-01-18 18:56:33"}
{"level":"info","message":"GET /api/inditex/feed?","service":"firsat-avcisi-backend","timestamp":"2026-01-18 18:56:34"}
{"level":"info","message":"GET /api/inditex/feed?category=Elbise","service":"firsat-avcisi-backend","timestamp":"2026-01-18 18:56:37"}
{"level":"info","message":"GET /api/inditex/feed?","service":"firsat-avcisi-backend","timestamp":"2026-01-18 18:56:38"}
{"level":"info","message":"GET /api/inditex/feed?brand=Zara","service":"firsat-avcisi-backend","timestamp":"2026-01-18 18:57:00"}
{"level":"info","message":"GET /api/inditex/feed?","service":"firsat-avcisi-backend","timestamp":"2026-01-18 18:57:01"}
{"level":"info","message":"GET /api/inditex/feed?category=Elbise","service":"firsat-avcisi-backend","timestamp":"2026-01-18 18:57:01"}
{"level":"info","message":"GET /api/inditex/feed?","service":"firsat-avcisi-backend","timestamp":"2026-01-18 18:57:02"}
{"level":"info","message":"GET /api/inditex/feed?","service":"firsat-avcisi-backend","timestamp":"2026-01-18 18:57:02"}
{"level":"info","message":"GET /api/products?page=1&limit=20","service":"firsat-avcisi-backend","timestamp":"2026-01-18 18:57:05"}
{"level":"info","message":"GET /api/products/trending","service":"firsat-avcisi-backend","timestamp":"2026-01-18 18:57:05"}
{"level":"info","message":"GET /api/products/trending","service":"firsat-avcisi-backend","timestamp":"2026-01-18 18:57:07"}
{"level":"info","message":"GET /api/inditex/feed?","service":"firsat-avcisi-backend","timestamp":"2026-01-18 19:19:25"}
{"level":"info","message":"GET /api/products?page=1&limit=20","service":"firsat-avcisi-backend","timestamp":"2026-01-18 19:19:57"}
{"level":"info","message":"GET /api/inditex/feed?","service":"firsat-avcisi-backend","timestamp":"2026-01-18 19:20:03"}
{"level":"info","message":"Server is running on port 3000","service":"firsat-avcisi-backend","timestamp":"2026-01-18 19:20:23"}
{"level":"info","message":"POST /api/devices/register","service":"firsat-avcisi-backend","timestamp":"2026-01-18 19:21:09"}
{"level":"info","message":"GET /api/products/trending","service":"firsat-avcisi-backend","timestamp":"2026-01-18 19:21:10"}
{"level":"info","message":"GET /api/inditex/feed?","service":"firsat-avcisi-backend","timestamp":"2026-01-18 19:21:20"}
{"level":"info","message":"POST /api/devices/register","service":"firsat-avcisi-backend","timestamp":"2026-01-18 19:23:29"}
{"level":"info","message":"GET /api/products/trending","service":"firsat-avcisi-backend","timestamp":"2026-01-18 19:23:31"}
{"level":"info","message":"GET /api/products/inditex/feed?","service":"firsat-avcisi-backend","timestamp":"2026-01-18 19:23:45"}
{"level":"info","message":"GET /api/products/inditex/feed?category=Elbise","service":"firsat-avcisi-backend","timestamp":"2026-01-18 19:23:54"}
{"level":"info","message":"GET /api/products/inditex/feed?category=Ti%C5%9F%C3%B6rt","service":"firsat-avcisi-backend","timestamp":"2026-01-18 19:23:55"}
{"level":"info","message":"GET /api/products?page=1&limit=20","service":"firsat-avcisi-backend","timestamp":"2026-01-18 19:24:02"}
{"level":"info","message":"GET /api/products/trending","service":"firsat-avcisi-backend","timestamp":"2026-01-18 19:24:05"}
{"level":"info","message":"POST /api/products/preview","service":"firsat-avcisi-backend","timestamp":"2026-01-18 19:24:27"}
{"level":"info","message":"POST /api/products/preview","service":"firsat-avcisi-backend","timestamp":"2026-01-18 19:37:47"}
{"level":"info","message":"POST /api/devices/register","service":"firsat-avcisi-backend","timestamp":"2026-01-18 19:46:58"}
{"level":"info","message":"GET /api/products/trending","service":"firsat-avcisi-backend","timestamp":"2026-01-18 19:46:58"}
{"level":"info","message":"Server is running on port 3000","service":"firsat-avcisi-backend","timestamp":"2026-01-18 19:47:13"}
{"level":"info","message":"GET /api/products/inditex/feed?","service":"firsat-avcisi-backend","timestamp":"2026-01-18 19:47:18"}
{"level":"info","message":"Server is running on port 3000","service":"firsat-avcisi-backend","timestamp":"2026-01-18 19:47:36"}
{"level":"info","message":"Server is running on port 3000","service":"firsat-avcisi-backend","timestamp":"2026-01-18 19:47:38"}
{"level":"info","message":"GET /api/products?page=1&limit=20","service":"firsat-avcisi-backend","timestamp":"2026-01-18 19:47:41"}
{"level":"info","message":"GET /api/products/trending","service":"firsat-avcisi-backend","timestamp":"2026-01-18 19:47:43"}
{"level":"info","message":"Server is running on port 3000","service":"firsat-avcisi-backend","timestamp":"2026-01-18 19:48:13"}
{"level":"info","message":"GET /api/products/inditex/feed?","service":"firsat-avcisi-backend","timestamp":"2026-01-18 19:48:26"}
{"level":"info","message":"POST /api/devices/register","service":"firsat-avcisi-backend","timestamp":"2026-01-18 19:53:59"}
{"level":"info","message":"GET /api/products/trending","service":"firsat-avcisi-backend","timestamp":"2026-01-18 19:54:02"}
{"level":"info","message":"GET /api/products/inditex/feed?","service":"firsat-avcisi-backend","timestamp":"2026-01-18 19:54:19"}
{"level":"info","message":"GET /api/products?page=1&limit=20","service":"firsat-avcisi-backend","timestamp":"2026-01-18 19:54:40"}
{"level":"info","message":"GET /api/products/trending","service":"firsat-avcisi-backend","timestamp":"2026-01-18 19:54:47"}
{"level":"info","message":"POST /api/products/preview","service":"firsat-avcisi-backend","timestamp":"2026-01-18 19:55:07"}
{"level":"info","message":"Server is running on port 3000","service":"firsat-avcisi-backend","timestamp":"2026-01-18 19:57:29"}
{"level":"info","message":"POST /api/devices/register","service":"firsat-avcisi-backend","timestamp":"2026-01-18 19:58:31"}
{"level":"info","message":"GET /api/products/trending","service":"firsat-avcisi-backend","timestamp":"2026-01-18 19:58:34"}
{"level":"info","message":"GET /api/products/inditex/feed?","service":"firsat-avcisi-backend","timestamp":"2026-01-18 19:59:07"}
{"level":"info","message":"GET /api/products/trending","service":"firsat-avcisi-backend","timestamp":"2026-01-18 19:59:09"}
{"level":"info","message":"POST /api/products/preview","service":"firsat-avcisi-backend","timestamp":"2026-01-18 19:59:31"}
{"level":"info","message":"POST /api/devices/register","service":"firsat-avcisi-backend","timestamp":"2026-01-18 20:02:16"}
{"level":"info","message":"GET /api/products/trending","service":"firsat-avcisi-backend","timestamp":"2026-01-18 20:02:19"}
{"level":"info","message":"GET /api/products?page=1&limit=20","service":"firsat-avcisi-backend","timestamp":"2026-01-18 20:02:26"}
{"level":"info","message":"GET /api/products/inditex/feed?","service":"firsat-avcisi-backend","timestamp":"2026-01-18 20:02:28"}
{"level":"info","message":"GET /api/products/trending","service":"firsat-avcisi-backend","timestamp":"2026-01-18 20:02:40"}
{"level":"info","message":"GET /api/products/inditex/feed?","service":"firsat-avcisi-backend","timestamp":"2026-01-18 20:02:48"}
{"level":"info","message":"GET /api/products?page=1&limit=20","service":"firsat-avcisi-backend","timestamp":"2026-01-18 20:02:58"}
{"level":"info","message":"GET /api/products/trending","service":"firsat-avcisi-backend","timestamp":"2026-01-18 20:02:59"}
{"level":"info","message":"Server is running on port 3000","service":"firsat-avcisi-backend","timestamp":"2026-01-18 20:04:12"}
{"level":"info","message":"Server is running on port 3000","service":"firsat-avcisi-backend","timestamp":"2026-01-18 20:04:40"}
{"level":"info","message":"Server is running on port 3000","service":"firsat-avcisi-backend","timestamp":"2026-01-18 20:04:41"}
{"level":"info","message":"Server is running on port 3000","service":"firsat-avcisi-backend","timestamp":"2026-01-18 20:05:00"}
{"level":"info","message":"Server is running on port 3000","service":"firsat-avcisi-backend","timestamp":"2026-01-18 20:05:57"}
{"level":"info","message":"POST /api/devices/register","service":"firsat-avcisi-backend","timestamp":"2026-01-18 20:06:40"}
{"level":"info","message":"GET /api/products/trending","service":"firsat-avcisi-backend","timestamp":"2026-01-18 20:06:43"}
{"level":"info","message":"GET /api/products/inditex/feed?","service":"firsat-avcisi-backend","timestamp":"2026-01-18 20:07:03"}
{"level":"info","message":"GET /api/products/inditex/feed?brand=Massimo%20Dutti","service":"firsat-avcisi-backend","timestamp":"2026-01-18 20:07:06"}
{"level":"info","message":"GET /api/products/inditex/feed?brand=Oysho","service":"firsat-avcisi-backend","timestamp":"2026-01-18 20:07:06"}
{"level":"info","message":"GET /api/products/inditex/feed?brand=Stradivarius","service":"firsat-avcisi-backend","timestamp":"2026-01-18 20:07:07"}
{"level":"info","message":"GET /api/products/inditex/feed?brand=Pull%26Bear","service":"firsat-avcisi-backend","timestamp":"2026-01-18 20:07:18"}
{"level":"info","message":"GET /api/products/inditex/feed?brand=Bershka","service":"firsat-avcisi-backend","timestamp":"2026-01-18 20:07:20"}
{"level":"info","message":"GET /api/products/inditex/feed?brand=Pull%26Bear","service":"firsat-avcisi-backend","timestamp":"2026-01-18 20:07:20"}
{"level":"info","message":"Server is running on port 3000","service":"firsat-avcisi-backend","timestamp":"2026-01-18 20:08:15"}
{"level":"info","message":"Server is running on port 3000","service":"firsat-avcisi-backend","timestamp":"2026-01-18 20:08:16"}
{"level":"info","message":"GET /api/products/trending","service":"firsat-avcisi-backend","timestamp":"2026-01-18 20:09:40"}
{"level":"info","message":"POST /api/products/preview","service":"firsat-avcisi-backend","timestamp":"2026-01-18 20:10:12"}
{"level":"info","message":"Server is running on port 3000","service":"firsat-avcisi-backend","timestamp":"2026-01-18 20:11:46"}
{"level":"info","message":"Server is running on port 3000","service":"firsat-avcisi-backend","timestamp":"2026-01-18 20:11:48"}
{"level":"info","message":"POST /api/devices/register","service":"firsat-avcisi-backend","timestamp":"2026-01-18 20:12:44"}
{"level":"info","message":"GET /api/products/trending","service":"firsat-avcisi-backend","timestamp":"2026-01-18 20:12:47"}
{"level":"info","message":"POST /api/products/preview","service":"firsat-avcisi-backend","timestamp":"2026-01-18 20:13:17"}
{"level":"info","message":"POST /api/products/preview","service":"firsat-avcisi-backend","timestamp":"2026-01-18 20:13:53"}
{"level":"info","message":"Server is running on port 3000","service":"firsat-avcisi-backend","timestamp":"2026-01-18 20:15:49"}
{"level":"info","message":"Server is running on port 3000","service":"firsat-avcisi-backend","timestamp":"2026-01-18 20:16:11"}
{"level":"info","message":"Server is running on port 3000","service":"firsat-avcisi-backend","timestamp":"2026-01-18 20:16:37"}
{"level":"info","message":"Server is running on port 3000","service":"firsat-avcisi-backend","timestamp":"2026-01-18 20:17:33"}
{"level":"info","message":"POST /api/devices/register","service":"firsat-avcisi-backend","timestamp":"2026-01-18 20:18:19"}
{"level":"info","message":"GET /api/products/trending","service":"firsat-avcisi-backend","timestamp":"2026-01-18 20:18:21"}
{"level":"info","message":"POST /api/products/preview","service":"firsat-avcisi-backend","timestamp":"2026-01-18 20:18:52"}
{"level":"info","message":"Server is running on port 3000","service":"firsat-avcisi-backend","timestamp":"2026-01-18 20:20:28"}
{"level":"info","message":"POST /api/devices/register","service":"firsat-avcisi-backend","timestamp":"2026-01-18 20:21:17"}
{"level":"info","message":"GET /api/products/trending","service":"firsat-avcisi-backend","timestamp":"2026-01-18 20:21:20"}
{"level":"info","message":"POST /api/products/preview","service":"firsat-avcisi-backend","timestamp":"2026-01-18 20:21:50"}
{"level":"info","message":"GET /api/products/inditex/feed?","service":"firsat-avcisi-backend","timestamp":"2026-01-18 20:23:23"}
{"level":"info","message":"Server is running on port 3000","service":"firsat-avcisi-backend","timestamp":"2026-01-18 20:23:24"}
{"level":"info","message":"GET /api/products/inditex/feed?brand=Pull%26Bear","service":"firsat-avcisi-backend","timestamp":"2026-01-18 20:23:24"}
{"level":"info","message":"GET /api/products/inditex/feed?brand=Stradivarius","service":"firsat-avcisi-backend","timestamp":"2026-01-18 20:23:26"}
{"level":"info","message":"GET /api/products/inditex/feed?brand=Oysho","service":"firsat-avcisi-backend","timestamp":"2026-01-18 20:23:26"}
{"level":"info","message":"GET /api/products/inditex/feed?brand=Massimo%20Dutti","service":"firsat-avcisi-backend","timestamp":"2026-01-18 20:23:28"}
{"level":"info","message":"GET /api/products/inditex/feed?brand=Massimo%20Dutti","service":"firsat-avcisi-backend","timestamp":"2026-01-18 20:23:34"}
{"level":"info","message":"GET /api/products/inditex/feed?brand=Massimo%20Dutti","service":"firsat-avcisi-backend","timestamp":"2026-01-18 20:23:36"}
{"level":"info","message":"GET /api/products/inditex/feed?brand=Massimo%20Dutti","service":"firsat-avcisi-backend","timestamp":"2026-01-18 20:23:37"}
{"level":"info","message":"GET /api/products/inditex/feed?brand=Massimo%20Dutti","service":"firsat-avcisi-backend","timestamp":"2026-01-18 20:23:39"}
{"level":"info","message":"GET /api/products/inditex/feed?brand=Oysho","service":"firsat-avcisi-backend","timestamp":"2026-01-18 20:23:40"}
{"level":"info","message":"GET /api/products/inditex/feed?brand=Oysho","service":"firsat-avcisi-backend","timestamp":"2026-01-18 20:23:41"}
{"level":"info","message":"GET /api/products/inditex/feed?brand=Massimo%20Dutti","service":"firsat-avcisi-backend","timestamp":"2026-01-18 20:23:42"}
{"level":"info","message":"GET /api/products/inditex/feed?brand=Massimo%20Dutti","service":"firsat-avcisi-backend","timestamp":"2026-01-18 20:23:42"}
{"level":"info","message":"GET /api/products/inditex/feed?brand=Pull%26Bear","service":"firsat-avcisi-backend","timestamp":"2026-01-18 20:23:45"}
{"level":"info","message":"GET /api/products/inditex/feed?brand=Pull%26Bear","service":"firsat-avcisi-backend","timestamp":"2026-01-18 20:23:46"}
{"level":"info","message":"GET /api/products/inditex/feed?","service":"firsat-avcisi-backend","timestamp":"2026-01-18 20:23:47"}
{"level":"info","message":"Server is running on port 3000","service":"firsat-avcisi-backend","timestamp":"2026-01-18 20:23:52"}
{"level":"info","message":"POST /api/devices/register","service":"firsat-avcisi-backend","timestamp":"2026-01-18 20:24:25"}
{"level":"info","message":"GET /api/products/trending","service":"firsat-avcisi-backend","timestamp":"2026-01-18 20:24:28"}
{"level":"info","message":"POST /api/products/preview","service":"firsat-avcisi-backend","timestamp":"2026-01-18 20:24:58"}
{"level":"info","message":"POST /api/devices/register","service":"firsat-avcisi-backend","timestamp":"2026-01-18 20:26:09"}
{"level":"info","message":"GET /api/products/trending","service":"firsat-avcisi-backend","timestamp":"2026-01-18 20:26:11"}
{"level":"info","message":"GET /api/products/inditex/feed?","service":"firsat-avcisi-backend","timestamp":"2026-01-18 20:26:31"}
{"level":"info","message":"GET /api/products/inditex/feed?brand=Zara","service":"firsat-avcisi-backend","timestamp":"2026-01-18 20:26:37"}
{"level":"info","message":"GET /api/products/inditex/feed?brand=Bershka","service":"firsat-avcisi-backend","timestamp":"2026-01-18 20:26:39"}
{"level":"info","message":"GET /api/products/inditex/feed?brand=Bershka&category=Elbise","service":"firsat-avcisi-backend","timestamp":"2026-01-18 20:26:40"}
{"level":"info","message":"GET /api/products/inditex/feed?brand=Bershka&category=Ti%C5%9F%C3%B6rt","service":"firsat-avcisi-backend","timestamp":"2026-01-18 20:26:41"}
{"level":"info","message":"GET /api/products/inditex/feed?brand=Bershka&category=Ceket","service":"firsat-avcisi-backend","timestamp":"2026-01-18 20:26:46"}
{"level":"info","message":"GET /api/products/inditex/feed?brand=Bershka&category=Elbise","service":"firsat-avcisi-backend","timestamp":"2026-01-18 20:26:47"}
{"level":"info","message":"GET /api/products/inditex/feed?brand=Pull%26Bear&category=Elbise","service":"firsat-avcisi-backend","timestamp":"2026-01-18 20:26:48"}
{"level":"info","message":"GET /api/products/inditex/feed?brand=Stradivarius&category=Elbise","service":"firsat-avcisi-backend","timestamp":"2026-01-18 20:26:52"}
{"level":"info","message":"GET /api/products/inditex/feed?brand=Bershka&category=Elbise","service":"firsat-avcisi-backend","timestamp":"2026-01-18 20:26:53"}
{"level":"info","message":"GET /api/products/inditex/feed?brand=Zara&category=Elbise","service":"firsat-avcisi-backend","timestamp":"2026-01-18 20:26:54"}
{"level":"info","message":"GET /api/products/inditex/feed?category=Elbise","service":"firsat-avcisi-backend","timestamp":"2026-01-18 20:26:56"}
{"level":"info","message":"GET /api/products?page=1&limit=20","service":"firsat-avcisi-backend","timestamp":"2026-01-18 20:26:57"}
{"level":"info","message":"GET /api/products/trending","service":"firsat-avcisi-backend","timestamp":"2026-01-18 20:27:06"}
{"level":"info","message":"GET /api/products?page=1&limit=20","service":"firsat-avcisi-backend","timestamp":"2026-01-18 20:27:14"}
{"level":"info","message":"GET /api/products/trending","service":"firsat-avcisi-backend","timestamp":"2026-01-18 20:27:30"}
{"level":"info","message":"GET /api/products?page=1&limit=20","service":"firsat-avcisi-backend","timestamp":"2026-01-18 20:27:31"}
{"level":"info","message":"GET /api/products/inditex/feed?","service":"firsat-avcisi-backend","timestamp":"2026-01-18 20:28:12"}
{"level":"info","message":"GET /api/products?page=1&limit=20","service":"firsat-avcisi-backend","timestamp":"2026-01-18 20:28:16"}
{"level":"info","message":"GET /api/products/trending","service":"firsat-avcisi-backend","timestamp":"2026-01-18 20:28:20"}
{"level":"info","message":"GET /api/products/trending","service":"firsat-avcisi-backend","timestamp":"2026-01-18 20:28:50"}
{"level":"info","message":"Server is running on port 3000","service":"firsat-avcisi-backend","timestamp":"2026-01-18 20:32:29"}
{"level":"info","message":"Server is running on port 3000","service":"firsat-avcisi-backend","timestamp":"2026-01-18 20:32:46"}
{"level":"info","message":"GET /api/products/trending","service":"firsat-avcisi-backend","timestamp":"2026-01-18 20:32:47"}
{"level":"info","message":"Server is running on port 3000","service":"firsat-avcisi-backend","timestamp":"2026-01-18 20:34:03"}
{"level":"info","message":"POST /api/devices/register","service":"firsat-avcisi-backend","timestamp":"2026-01-18 20:34:15"}
{"level":"info","message":"GET /api/products/trending","service":"firsat-avcisi-backend","timestamp":"2026-01-18 20:34:18"}
{"level":"info","message":"Server is running on port 3000","service":"firsat-avcisi-backend","timestamp":"2026-01-18 20:34:19"}
{"level":"info","message":"GET /api/products/trending?category=Telefon","service":"firsat-avcisi-backend","timestamp":"2026-01-18 20:34:23"}
{"level":"info","message":"GET /api/products/trending?category=Telefon","service":"firsat-avcisi-backend","timestamp":"2026-01-18 20:34:25"}
{"level":"info","message":"GET /api/products/trending?category=Bilgisayar","service":"firsat-avcisi-backend","timestamp":"2026-01-18 20:34:26"}
{"level":"info","message":"GET /api/products/trending?category=Moda","service":"firsat-avcisi-backend","timestamp":"2026-01-18 20:34:26"}
{"level":"info","message":"GET /api/products/trending?category=Market","service":"firsat-avcisi-backend","timestamp":"2026-01-18 20:34:27"}
{"level":"info","message":"GET /api/products/trending?category=Kozmetik","service":"firsat-avcisi-backend","timestamp":"2026-01-18 20:34:28"}
{"level":"info","message":"GET /api/products/trending?category=Telefon","service":"firsat-avcisi-backend","timestamp":"2026-01-18 20:34:29"}
{"level":"info","message":"GET /api/products/trending?category=Telefon","service":"firsat-avcisi-backend","timestamp":"2026-01-18 20:34:56"}
{"level":"info","message":"GET /api/products/trending?category=Telefon","service":"firsat-avcisi-backend","timestamp":"2026-01-18 20:34:57"}
{"level":"info","message":"GET /api/products/trending?category=Telefon","service":"firsat-avcisi-backend","timestamp":"2026-01-18 20:35:01"}
{"level":"info","message":"GET /api/products/trending?category=Telefon","service":"firsat-avcisi-backend","timestamp":"2026-01-18 20:35:02"}
{"level":"info","message":"GET /api/products/trending?category=Bilgisayar","service":"firsat-avcisi-backend","timestamp":"2026-01-18 20:35:03"}
{"level":"info","message":"GET /api/products/trending?category=Telefon","service":"firsat-avcisi-backend","timestamp":"2026-01-18 20:35:03"}
{"level":"info","message":"GET /api/products/trending?category=Telefon","service":"firsat-avcisi-backend","timestamp":"2026-01-18 20:35:04"}
{"level":"info","message":"POST /api/devices/register","service":"firsat-avcisi-backend","timestamp":"2026-01-18 20:35:07"}
{"level":"info","message":"GET /api/products/trending","service":"firsat-avcisi-backend","timestamp":"2026-01-18 20:35:10"}
{"level":"info","message":"GET /api/products/trending?category=Telefon","service":"firsat-avcisi-backend","timestamp":"2026-01-18 20:35:11"}
{"level":"info","message":"Server is running on port 3000","service":"firsat-avcisi-backend","timestamp":"2026-01-18 20:36:09"}
{"level":"info","message":"Server is running on port 3000","service":"firsat-avcisi-backend","timestamp":"2026-01-18 20:36:30"}
{"level":"info","message":"GET /api/products/trending?category=Telefon","service":"firsat-avcisi-backend","timestamp":"2026-01-18 20:36:46"}
{"level":"info","message":"Server is running on port 3000","service":"firsat-avcisi-backend","timestamp":"2026-01-18 20:38:17"}
{"level":"info","message":"GET /api/products/trending?category=Telefon","service":"firsat-avcisi-backend","timestamp":"2026-01-18 20:38:31"}
{"level":"info","message":"Server is running on port 3000","service":"firsat-avcisi-backend","timestamp":"2026-01-18 20:40:08"}
{"level":"info","message":"POST /api/products/preview","service":"firsat-avcisi-backend","timestamp":"2026-01-18 20:40:12"}
{"level":"info","message":"GET /api/products/trending?category=Telefon","service":"firsat-avcisi-backend","timestamp":"2026-01-18 20:40:21"}
{"level":"info","message":"POST /api/devices/register","service":"firsat-avcisi-backend","timestamp":"2026-01-18 20:41:25"}
{"level":"info","message":"GET /api/products/trending","service":"firsat-avcisi-backend","timestamp":"2026-01-18 20:41:28"}
{"level":"info","message":"GET /api/products/trending?category=Telefon","service":"firsat-avcisi-backend","timestamp":"2026-01-18 20:41:33"}
{"level":"info","message":"GET /api/products/trending?category=Bilgisayar","service":"firsat-avcisi-backend","timestamp":"2026-01-18 20:41:39"}
{"level":"info","message":"POST /api/products/preview","service":"firsat-avcisi-backend","timestamp":"2026-01-18 20:42:33"}
{"level":"info","message":"POST /api/products","service":"firsat-avcisi-backend","timestamp":"2026-01-18 20:46:31"}
{"level":"info","message":"Server is running on port 3000","service":"firsat-avcisi-backend","timestamp":"2026-01-18 20:54:19"}
{"level":"info","message":"POST /api/devices/register","service":"firsat-avcisi-backend","timestamp":"2026-01-18 20:56:05"}
{"level":"info","message":"GET /api/products/trending","service":"firsat-avcisi-backend","timestamp":"2026-01-18 20:56:14"}
{"level":"info","message":"Server is running on port 3000","service":"firsat-avcisi-backend","timestamp":"2026-01-18 22:31:56"}
{"level":"info","message":"Server is running on port 3000","service":"firsat-avcisi-backend","timestamp":"2026-01-18 22:54:17"}
{"level":"info","message":"Server is running on port 3000","service":"firsat-avcisi-backend","timestamp":"2026-01-18 23:26:32"}
{"level":"info","message":"Server is running on port 3000","service":"firsat-avcisi-backend","timestamp":"2026-01-18 23:49:47"}
{"level":"info","message":"Server is running on port 3000","service":"firsat-avcisi-backend","timestamp":"2026-01-18 23:55:23"}
{"level":"info","message":"Server is running on port 3000","service":"firsat-avcisi-backend","timestamp":"2026-01-18 23:55:24"}
{"level":"info","message":"Server is running on port 3000","service":"firsat-avcisi-backend","timestamp":"2026-01-19 00:00:59"}
{"level":"info","message":"Server is running on port 3000","service":"firsat-avcisi-backend","timestamp":"2026-01-19 00:01:01"}
